[2020-05-04T20:22:06,658][INFO ][o.e.n.Node               ] [master] initializing ...
[2020-05-04T20:22:06,739][INFO ][o.e.e.NodeEnvironment    ] [master] using [1] data paths, mounts [[资料 (M:)]], net usable_space [13.1gb], net total_space [109.8gb], types [NTFS]
[2020-05-04T20:22:06,739][INFO ][o.e.e.NodeEnvironment    ] [master] heap size [989.8mb], compressed ordinary object pointers [true]
[2020-05-04T20:22:06,782][INFO ][o.e.n.Node               ] [master] node name [master], node ID [-QSeg5cmSzKQjriJidFAfA]
[2020-05-04T20:22:06,782][INFO ][o.e.n.Node               ] [master] version[6.2.2], pid[14828], build[10b1edd/2018-02-16T19:01:30.685723Z], OS[Windows 10/10.0/amd64], JVM[Oracle Corporation/Java HotSpot(TM) 64-Bit Server VM/1.8.0_91/25.91-b15]
[2020-05-04T20:22:06,784][INFO ][o.e.n.Node               ] [master] JVM arguments [-Xms1g, -Xmx1g, -XX:+UseConcMarkSweepGC, -XX:CMSInitiatingOccupancyFraction=75, -XX:+UseCMSInitiatingOccupancyOnly, -XX:+AlwaysPreTouch, -Xss1m, -Djava.awt.headless=true, -Dfile.encoding=UTF-8, -Djna.nosys=true, -XX:-OmitStackTraceInFastThrow, -Dio.netty.noUnsafe=true, -Dio.netty.noKeySetOptimization=true, -Dio.netty.recycler.maxCapacityPerThread=0, -Dlog4j.shutdownHookEnabled=false, -Dlog4j2.disable.jmx=true, -Djava.io.tmpdir=C:\Users\YANGYA~1\AppData\Local\Temp\elasticsearch, -XX:+HeapDumpOnOutOfMemoryError, -XX:+PrintGCDetails, -XX:+PrintGCDateStamps, -XX:+PrintTenuringDistribution, -XX:+PrintGCApplicationStoppedTime, -Xloggc:logs/gc.log, -XX:+UseGCLogFileRotation, -XX:NumberOfGCLogFiles=32, -XX:GCLogFileSize=64m, -Delasticsearch, -Des.path.home=M:\elasticsearch\elasticsearch-6.2.2-master, -Des.path.conf=M:\elasticsearch\elasticsearch-6.2.2-master\config]
[2020-05-04T20:22:07,536][INFO ][o.e.p.PluginsService     ] [master] loaded module [aggs-matrix-stats]
[2020-05-04T20:22:07,536][INFO ][o.e.p.PluginsService     ] [master] loaded module [analysis-common]
[2020-05-04T20:22:07,536][INFO ][o.e.p.PluginsService     ] [master] loaded module [ingest-common]
[2020-05-04T20:22:07,536][INFO ][o.e.p.PluginsService     ] [master] loaded module [lang-expression]
[2020-05-04T20:22:07,537][INFO ][o.e.p.PluginsService     ] [master] loaded module [lang-mustache]
[2020-05-04T20:22:07,537][INFO ][o.e.p.PluginsService     ] [master] loaded module [lang-painless]
[2020-05-04T20:22:07,537][INFO ][o.e.p.PluginsService     ] [master] loaded module [mapper-extras]
[2020-05-04T20:22:07,537][INFO ][o.e.p.PluginsService     ] [master] loaded module [parent-join]
[2020-05-04T20:22:07,537][INFO ][o.e.p.PluginsService     ] [master] loaded module [percolator]
[2020-05-04T20:22:07,538][INFO ][o.e.p.PluginsService     ] [master] loaded module [rank-eval]
[2020-05-04T20:22:07,539][INFO ][o.e.p.PluginsService     ] [master] loaded module [reindex]
[2020-05-04T20:22:07,540][INFO ][o.e.p.PluginsService     ] [master] loaded module [repository-url]
[2020-05-04T20:22:07,541][INFO ][o.e.p.PluginsService     ] [master] loaded module [transport-netty4]
[2020-05-04T20:22:07,541][INFO ][o.e.p.PluginsService     ] [master] loaded module [tribe]
[2020-05-04T20:22:07,543][INFO ][o.e.p.PluginsService     ] [master] loaded plugin [analysis-ik]
[2020-05-04T20:22:10,472][INFO ][o.e.d.DiscoveryModule    ] [master] using discovery type [zen]
[2020-05-04T20:22:11,866][INFO ][o.e.n.Node               ] [master] initialized
[2020-05-04T20:22:11,867][INFO ][o.e.n.Node               ] [master] starting ...
[2020-05-04T20:22:12,986][INFO ][o.e.t.TransportService   ] [master] publish_address {127.0.0.1:9300}, bound_addresses {127.0.0.1:9300}
[2020-05-04T20:22:16,048][INFO ][o.e.c.s.MasterService    ] [master] zen-disco-elected-as-master ([0] nodes joined), reason: new_master {master}{-QSeg5cmSzKQjriJidFAfA}{fT1S7OEPRtyBK3-faGeGvQ}{127.0.0.1}{127.0.0.1:9300}
[2020-05-04T20:22:16,055][INFO ][o.e.c.s.ClusterApplierService] [master] new_master {master}{-QSeg5cmSzKQjriJidFAfA}{fT1S7OEPRtyBK3-faGeGvQ}{127.0.0.1}{127.0.0.1:9300}, reason: apply cluster state (from master [master {master}{-QSeg5cmSzKQjriJidFAfA}{fT1S7OEPRtyBK3-faGeGvQ}{127.0.0.1}{127.0.0.1:9300} committed version [1] source [zen-disco-elected-as-master ([0] nodes joined)]])
[2020-05-04T20:22:16,078][INFO ][o.e.h.n.Netty4HttpServerTransport] [master] publish_address {127.0.0.1:9200}, bound_addresses {127.0.0.1:9200}
[2020-05-04T20:22:16,079][INFO ][o.e.n.Node               ] [master] started
[2020-05-04T20:22:16,105][INFO ][o.w.a.d.Monitor          ] try load config from M:\elasticsearch\elasticsearch-6.2.2-master\config\analysis-ik\IKAnalyzer.cfg.xml
[2020-05-04T20:22:16,106][INFO ][o.w.a.d.Monitor          ] try load config from M:\elasticsearch\elasticsearch-6.2.2-master\plugins\analysis-ik\config\IKAnalyzer.cfg.xml
[2020-05-04T20:22:16,401][INFO ][o.e.g.GatewayService     ] [master] recovered [1] indices into cluster_state
[2020-05-04T20:22:16,643][INFO ][o.e.c.r.a.AllocationService] [master] Cluster health status changed from [RED] to [YELLOW] (reason: [shards started [[manuscript][0]] ...]).
[2020-05-04T20:22:46,086][INFO ][o.e.c.r.a.DiskThresholdMonitor] [master] low disk watermark [85%] exceeded on [-QSeg5cmSzKQjriJidFAfA][master][M:\es\master\data\nodes\0] free: 13.1gb[12%], replicas will not be assigned to this node
[2020-05-04T20:23:16,098][INFO ][o.e.c.r.a.DiskThresholdMonitor] [master] low disk watermark [85%] exceeded on [-QSeg5cmSzKQjriJidFAfA][master][M:\es\master\data\nodes\0] free: 13.1gb[12%], replicas will not be assigned to this node
[2020-05-04T20:23:46,105][INFO ][o.e.c.r.a.DiskThresholdMonitor] [master] low disk watermark [85%] exceeded on [-QSeg5cmSzKQjriJidFAfA][master][M:\es\master\data\nodes\0] free: 13.1gb[12%], replicas will not be assigned to this node
[2020-05-04T20:24:16,113][INFO ][o.e.c.r.a.DiskThresholdMonitor] [master] low disk watermark [85%] exceeded on [-QSeg5cmSzKQjriJidFAfA][master][M:\es\master\data\nodes\0] free: 13.1gb[12%], replicas will not be assigned to this node
[2020-05-04T20:24:46,120][INFO ][o.e.c.r.a.DiskThresholdMonitor] [master] low disk watermark [85%] exceeded on [-QSeg5cmSzKQjriJidFAfA][master][M:\es\master\data\nodes\0] free: 13.1gb[12%], replicas will not be assigned to this node
[2020-05-04T20:25:16,129][INFO ][o.e.c.r.a.DiskThresholdMonitor] [master] low disk watermark [85%] exceeded on [-QSeg5cmSzKQjriJidFAfA][master][M:\es\master\data\nodes\0] free: 13.1gb[12%], replicas will not be assigned to this node
[2020-05-04T20:25:46,137][INFO ][o.e.c.r.a.DiskThresholdMonitor] [master] low disk watermark [85%] exceeded on [-QSeg5cmSzKQjriJidFAfA][master][M:\es\master\data\nodes\0] free: 13.1gb[12%], replicas will not be assigned to this node
[2020-05-04T20:26:16,144][INFO ][o.e.c.r.a.DiskThresholdMonitor] [master] low disk watermark [85%] exceeded on [-QSeg5cmSzKQjriJidFAfA][master][M:\es\master\data\nodes\0] free: 13.1gb[12%], replicas will not be assigned to this node
[2020-05-04T20:26:46,151][INFO ][o.e.c.r.a.DiskThresholdMonitor] [master] low disk watermark [85%] exceeded on [-QSeg5cmSzKQjriJidFAfA][master][M:\es\master\data\nodes\0] free: 13.1gb[12%], replicas will not be assigned to this node
[2020-05-04T20:27:16,160][INFO ][o.e.c.r.a.DiskThresholdMonitor] [master] low disk watermark [85%] exceeded on [-QSeg5cmSzKQjriJidFAfA][master][M:\es\master\data\nodes\0] free: 13.1gb[12%], replicas will not be assigned to this node
[2020-05-04T20:27:46,169][INFO ][o.e.c.r.a.DiskThresholdMonitor] [master] low disk watermark [85%] exceeded on [-QSeg5cmSzKQjriJidFAfA][master][M:\es\master\data\nodes\0] free: 13.1gb[12%], replicas will not be assigned to this node
[2020-05-04T20:28:16,176][INFO ][o.e.c.r.a.DiskThresholdMonitor] [master] low disk watermark [85%] exceeded on [-QSeg5cmSzKQjriJidFAfA][master][M:\es\master\data\nodes\0] free: 13.1gb[12%], replicas will not be assigned to this node
[2020-05-04T20:28:46,184][INFO ][o.e.c.r.a.DiskThresholdMonitor] [master] low disk watermark [85%] exceeded on [-QSeg5cmSzKQjriJidFAfA][master][M:\es\master\data\nodes\0] free: 13.1gb[12%], replicas will not be assigned to this node
[2020-05-04T20:29:16,192][INFO ][o.e.c.r.a.DiskThresholdMonitor] [master] low disk watermark [85%] exceeded on [-QSeg5cmSzKQjriJidFAfA][master][M:\es\master\data\nodes\0] free: 13.1gb[12%], replicas will not be assigned to this node
[2020-05-04T20:29:46,202][INFO ][o.e.c.r.a.DiskThresholdMonitor] [master] low disk watermark [85%] exceeded on [-QSeg5cmSzKQjriJidFAfA][master][M:\es\master\data\nodes\0] free: 13.1gb[12%], replicas will not be assigned to this node
[2020-05-04T20:30:16,208][INFO ][o.e.c.r.a.DiskThresholdMonitor] [master] low disk watermark [85%] exceeded on [-QSeg5cmSzKQjriJidFAfA][master][M:\es\master\data\nodes\0] free: 13.1gb[12%], replicas will not be assigned to this node
[2020-05-04T20:30:46,217][INFO ][o.e.c.r.a.DiskThresholdMonitor] [master] low disk watermark [85%] exceeded on [-QSeg5cmSzKQjriJidFAfA][master][M:\es\master\data\nodes\0] free: 13.1gb[12%], replicas will not be assigned to this node
[2020-05-04T20:31:16,226][INFO ][o.e.c.r.a.DiskThresholdMonitor] [master] low disk watermark [85%] exceeded on [-QSeg5cmSzKQjriJidFAfA][master][M:\es\master\data\nodes\0] free: 13.1gb[12%], replicas will not be assigned to this node
[2020-05-04T20:31:46,233][INFO ][o.e.c.r.a.DiskThresholdMonitor] [master] low disk watermark [85%] exceeded on [-QSeg5cmSzKQjriJidFAfA][master][M:\es\master\data\nodes\0] free: 13.1gb[12%], replicas will not be assigned to this node
[2020-05-04T20:32:16,242][INFO ][o.e.c.r.a.DiskThresholdMonitor] [master] low disk watermark [85%] exceeded on [-QSeg5cmSzKQjriJidFAfA][master][M:\es\master\data\nodes\0] free: 13.1gb[12%], replicas will not be assigned to this node
[2020-05-04T20:32:46,251][INFO ][o.e.c.r.a.DiskThresholdMonitor] [master] low disk watermark [85%] exceeded on [-QSeg5cmSzKQjriJidFAfA][master][M:\es\master\data\nodes\0] free: 13.1gb[12%], replicas will not be assigned to this node
[2020-05-04T20:33:16,258][INFO ][o.e.c.r.a.DiskThresholdMonitor] [master] low disk watermark [85%] exceeded on [-QSeg5cmSzKQjriJidFAfA][master][M:\es\master\data\nodes\0] free: 13.1gb[12%], replicas will not be assigned to this node
[2020-05-04T20:33:46,270][INFO ][o.e.c.r.a.DiskThresholdMonitor] [master] low disk watermark [85%] exceeded on [-QSeg5cmSzKQjriJidFAfA][master][M:\es\master\data\nodes\0] free: 13.1gb[12%], replicas will not be assigned to this node
[2020-05-04T20:34:16,278][INFO ][o.e.c.r.a.DiskThresholdMonitor] [master] low disk watermark [85%] exceeded on [-QSeg5cmSzKQjriJidFAfA][master][M:\es\master\data\nodes\0] free: 13.1gb[12%], replicas will not be assigned to this node
[2020-05-04T20:34:46,285][INFO ][o.e.c.r.a.DiskThresholdMonitor] [master] low disk watermark [85%] exceeded on [-QSeg5cmSzKQjriJidFAfA][master][M:\es\master\data\nodes\0] free: 13.1gb[12%], replicas will not be assigned to this node
[2020-05-04T20:35:16,294][INFO ][o.e.c.r.a.DiskThresholdMonitor] [master] low disk watermark [85%] exceeded on [-QSeg5cmSzKQjriJidFAfA][master][M:\es\master\data\nodes\0] free: 13.1gb[12%], replicas will not be assigned to this node
[2020-05-04T20:35:46,303][INFO ][o.e.c.r.a.DiskThresholdMonitor] [master] low disk watermark [85%] exceeded on [-QSeg5cmSzKQjriJidFAfA][master][M:\es\master\data\nodes\0] free: 13.1gb[12%], replicas will not be assigned to this node
[2020-05-04T20:36:16,310][INFO ][o.e.c.r.a.DiskThresholdMonitor] [master] low disk watermark [85%] exceeded on [-QSeg5cmSzKQjriJidFAfA][master][M:\es\master\data\nodes\0] free: 13.1gb[12%], replicas will not be assigned to this node
[2020-05-04T20:36:46,322][INFO ][o.e.c.r.a.DiskThresholdMonitor] [master] low disk watermark [85%] exceeded on [-QSeg5cmSzKQjriJidFAfA][master][M:\es\master\data\nodes\0] free: 13.1gb[12%], replicas will not be assigned to this node
[2020-05-04T20:37:16,330][INFO ][o.e.c.r.a.DiskThresholdMonitor] [master] low disk watermark [85%] exceeded on [-QSeg5cmSzKQjriJidFAfA][master][M:\es\master\data\nodes\0] free: 13.1gb[12%], replicas will not be assigned to this node
[2020-05-04T20:37:46,339][INFO ][o.e.c.r.a.DiskThresholdMonitor] [master] low disk watermark [85%] exceeded on [-QSeg5cmSzKQjriJidFAfA][master][M:\es\master\data\nodes\0] free: 13.1gb[12%], replicas will not be assigned to this node
[2020-05-04T20:38:16,348][INFO ][o.e.c.r.a.DiskThresholdMonitor] [master] low disk watermark [85%] exceeded on [-QSeg5cmSzKQjriJidFAfA][master][M:\es\master\data\nodes\0] free: 13.1gb[12%], replicas will not be assigned to this node
[2020-05-04T20:38:46,358][INFO ][o.e.c.r.a.DiskThresholdMonitor] [master] low disk watermark [85%] exceeded on [-QSeg5cmSzKQjriJidFAfA][master][M:\es\master\data\nodes\0] free: 13.1gb[12%], replicas will not be assigned to this node
[2020-05-04T20:39:16,367][INFO ][o.e.c.r.a.DiskThresholdMonitor] [master] low disk watermark [85%] exceeded on [-QSeg5cmSzKQjriJidFAfA][master][M:\es\master\data\nodes\0] free: 13.1gb[12%], replicas will not be assigned to this node
[2020-05-04T20:39:46,374][INFO ][o.e.c.r.a.DiskThresholdMonitor] [master] low disk watermark [85%] exceeded on [-QSeg5cmSzKQjriJidFAfA][master][M:\es\master\data\nodes\0] free: 13.1gb[12%], replicas will not be assigned to this node
[2020-05-04T20:40:16,382][INFO ][o.e.c.r.a.DiskThresholdMonitor] [master] low disk watermark [85%] exceeded on [-QSeg5cmSzKQjriJidFAfA][master][M:\es\master\data\nodes\0] free: 13.1gb[12%], replicas will not be assigned to this node
[2020-05-04T20:40:46,390][INFO ][o.e.c.r.a.DiskThresholdMonitor] [master] low disk watermark [85%] exceeded on [-QSeg5cmSzKQjriJidFAfA][master][M:\es\master\data\nodes\0] free: 13.1gb[12%], replicas will not be assigned to this node
[2020-05-04T20:41:16,398][INFO ][o.e.c.r.a.DiskThresholdMonitor] [master] low disk watermark [85%] exceeded on [-QSeg5cmSzKQjriJidFAfA][master][M:\es\master\data\nodes\0] free: 13.1gb[12%], replicas will not be assigned to this node
[2020-05-04T20:41:46,407][INFO ][o.e.c.r.a.DiskThresholdMonitor] [master] low disk watermark [85%] exceeded on [-QSeg5cmSzKQjriJidFAfA][master][M:\es\master\data\nodes\0] free: 13.1gb[12%], replicas will not be assigned to this node
[2020-05-04T20:42:16,414][INFO ][o.e.c.r.a.DiskThresholdMonitor] [master] low disk watermark [85%] exceeded on [-QSeg5cmSzKQjriJidFAfA][master][M:\es\master\data\nodes\0] free: 13.1gb[12%], replicas will not be assigned to this node
[2020-05-04T20:42:46,421][INFO ][o.e.c.r.a.DiskThresholdMonitor] [master] low disk watermark [85%] exceeded on [-QSeg5cmSzKQjriJidFAfA][master][M:\es\master\data\nodes\0] free: 13.1gb[12%], replicas will not be assigned to this node
[2020-05-04T20:43:16,429][INFO ][o.e.c.r.a.DiskThresholdMonitor] [master] low disk watermark [85%] exceeded on [-QSeg5cmSzKQjriJidFAfA][master][M:\es\master\data\nodes\0] free: 13.1gb[12%], replicas will not be assigned to this node
[2020-05-04T20:43:46,437][INFO ][o.e.c.r.a.DiskThresholdMonitor] [master] low disk watermark [85%] exceeded on [-QSeg5cmSzKQjriJidFAfA][master][M:\es\master\data\nodes\0] free: 13.1gb[12%], replicas will not be assigned to this node
[2020-05-04T20:44:16,444][INFO ][o.e.c.r.a.DiskThresholdMonitor] [master] low disk watermark [85%] exceeded on [-QSeg5cmSzKQjriJidFAfA][master][M:\es\master\data\nodes\0] free: 13.1gb[12%], replicas will not be assigned to this node
[2020-05-04T20:44:46,453][INFO ][o.e.c.r.a.DiskThresholdMonitor] [master] low disk watermark [85%] exceeded on [-QSeg5cmSzKQjriJidFAfA][master][M:\es\master\data\nodes\0] free: 13.1gb[12%], replicas will not be assigned to this node
[2020-05-04T20:45:16,460][INFO ][o.e.c.r.a.DiskThresholdMonitor] [master] low disk watermark [85%] exceeded on [-QSeg5cmSzKQjriJidFAfA][master][M:\es\master\data\nodes\0] free: 13.1gb[12%], replicas will not be assigned to this node
[2020-05-04T20:45:46,466][INFO ][o.e.c.r.a.DiskThresholdMonitor] [master] low disk watermark [85%] exceeded on [-QSeg5cmSzKQjriJidFAfA][master][M:\es\master\data\nodes\0] free: 13.1gb[12%], replicas will not be assigned to this node
[2020-05-04T20:46:16,473][INFO ][o.e.c.r.a.DiskThresholdMonitor] [master] low disk watermark [85%] exceeded on [-QSeg5cmSzKQjriJidFAfA][master][M:\es\master\data\nodes\0] free: 13.1gb[12%], replicas will not be assigned to this node
[2020-05-04T20:46:46,482][INFO ][o.e.c.r.a.DiskThresholdMonitor] [master] low disk watermark [85%] exceeded on [-QSeg5cmSzKQjriJidFAfA][master][M:\es\master\data\nodes\0] free: 13.1gb[12%], replicas will not be assigned to this node
[2020-05-04T20:47:16,489][INFO ][o.e.c.r.a.DiskThresholdMonitor] [master] low disk watermark [85%] exceeded on [-QSeg5cmSzKQjriJidFAfA][master][M:\es\master\data\nodes\0] free: 13.1gb[12%], replicas will not be assigned to this node
[2020-05-04T20:47:46,496][INFO ][o.e.c.r.a.DiskThresholdMonitor] [master] low disk watermark [85%] exceeded on [-QSeg5cmSzKQjriJidFAfA][master][M:\es\master\data\nodes\0] free: 13.1gb[12%], replicas will not be assigned to this node
[2020-05-04T20:48:16,505][INFO ][o.e.c.r.a.DiskThresholdMonitor] [master] low disk watermark [85%] exceeded on [-QSeg5cmSzKQjriJidFAfA][master][M:\es\master\data\nodes\0] free: 13.1gb[12%], replicas will not be assigned to this node
[2020-05-04T20:48:46,513][INFO ][o.e.c.r.a.DiskThresholdMonitor] [master] low disk watermark [85%] exceeded on [-QSeg5cmSzKQjriJidFAfA][master][M:\es\master\data\nodes\0] free: 13.1gb[12%], replicas will not be assigned to this node
[2020-05-04T20:49:16,521][INFO ][o.e.c.r.a.DiskThresholdMonitor] [master] low disk watermark [85%] exceeded on [-QSeg5cmSzKQjriJidFAfA][master][M:\es\master\data\nodes\0] free: 13.1gb[12%], replicas will not be assigned to this node
[2020-05-04T20:49:46,528][INFO ][o.e.c.r.a.DiskThresholdMonitor] [master] low disk watermark [85%] exceeded on [-QSeg5cmSzKQjriJidFAfA][master][M:\es\master\data\nodes\0] free: 13.1gb[12%], replicas will not be assigned to this node
[2020-05-04T20:50:16,535][INFO ][o.e.c.r.a.DiskThresholdMonitor] [master] low disk watermark [85%] exceeded on [-QSeg5cmSzKQjriJidFAfA][master][M:\es\master\data\nodes\0] free: 13.1gb[12%], replicas will not be assigned to this node
[2020-05-04T20:50:46,542][INFO ][o.e.c.r.a.DiskThresholdMonitor] [master] low disk watermark [85%] exceeded on [-QSeg5cmSzKQjriJidFAfA][master][M:\es\master\data\nodes\0] free: 13.1gb[12%], replicas will not be assigned to this node
[2020-05-04T20:51:16,549][INFO ][o.e.c.r.a.DiskThresholdMonitor] [master] low disk watermark [85%] exceeded on [-QSeg5cmSzKQjriJidFAfA][master][M:\es\master\data\nodes\0] free: 13.1gb[12%], replicas will not be assigned to this node
[2020-05-04T20:51:46,555][INFO ][o.e.c.r.a.DiskThresholdMonitor] [master] low disk watermark [85%] exceeded on [-QSeg5cmSzKQjriJidFAfA][master][M:\es\master\data\nodes\0] free: 13.1gb[12%], replicas will not be assigned to this node
[2020-05-04T20:52:16,562][INFO ][o.e.c.r.a.DiskThresholdMonitor] [master] low disk watermark [85%] exceeded on [-QSeg5cmSzKQjriJidFAfA][master][M:\es\master\data\nodes\0] free: 13.1gb[12%], replicas will not be assigned to this node
[2020-05-04T20:52:46,569][INFO ][o.e.c.r.a.DiskThresholdMonitor] [master] low disk watermark [85%] exceeded on [-QSeg5cmSzKQjriJidFAfA][master][M:\es\master\data\nodes\0] free: 13.1gb[12%], replicas will not be assigned to this node
[2020-05-04T20:53:16,576][INFO ][o.e.c.r.a.DiskThresholdMonitor] [master] low disk watermark [85%] exceeded on [-QSeg5cmSzKQjriJidFAfA][master][M:\es\master\data\nodes\0] free: 13.1gb[12%], replicas will not be assigned to this node
[2020-05-04T20:53:46,582][INFO ][o.e.c.r.a.DiskThresholdMonitor] [master] low disk watermark [85%] exceeded on [-QSeg5cmSzKQjriJidFAfA][master][M:\es\master\data\nodes\0] free: 13.1gb[12%], replicas will not be assigned to this node
[2020-05-04T20:54:16,589][INFO ][o.e.c.r.a.DiskThresholdMonitor] [master] low disk watermark [85%] exceeded on [-QSeg5cmSzKQjriJidFAfA][master][M:\es\master\data\nodes\0] free: 13.1gb[12%], replicas will not be assigned to this node
[2020-05-04T20:54:46,596][INFO ][o.e.c.r.a.DiskThresholdMonitor] [master] low disk watermark [85%] exceeded on [-QSeg5cmSzKQjriJidFAfA][master][M:\es\master\data\nodes\0] free: 13.1gb[12%], replicas will not be assigned to this node
[2020-05-04T20:55:16,603][INFO ][o.e.c.r.a.DiskThresholdMonitor] [master] low disk watermark [85%] exceeded on [-QSeg5cmSzKQjriJidFAfA][master][M:\es\master\data\nodes\0] free: 13.1gb[12%], replicas will not be assigned to this node
[2020-05-04T20:55:46,609][INFO ][o.e.c.r.a.DiskThresholdMonitor] [master] low disk watermark [85%] exceeded on [-QSeg5cmSzKQjriJidFAfA][master][M:\es\master\data\nodes\0] free: 13.1gb[12%], replicas will not be assigned to this node
[2020-05-04T20:56:16,619][INFO ][o.e.c.r.a.DiskThresholdMonitor] [master] low disk watermark [85%] exceeded on [-QSeg5cmSzKQjriJidFAfA][master][M:\es\master\data\nodes\0] free: 13.1gb[12%], replicas will not be assigned to this node
[2020-05-04T20:56:46,627][INFO ][o.e.c.r.a.DiskThresholdMonitor] [master] low disk watermark [85%] exceeded on [-QSeg5cmSzKQjriJidFAfA][master][M:\es\master\data\nodes\0] free: 13.1gb[12%], replicas will not be assigned to this node
[2020-05-04T20:57:16,634][INFO ][o.e.c.r.a.DiskThresholdMonitor] [master] low disk watermark [85%] exceeded on [-QSeg5cmSzKQjriJidFAfA][master][M:\es\master\data\nodes\0] free: 13.1gb[12%], replicas will not be assigned to this node
[2020-05-04T20:57:46,641][INFO ][o.e.c.r.a.DiskThresholdMonitor] [master] low disk watermark [85%] exceeded on [-QSeg5cmSzKQjriJidFAfA][master][M:\es\master\data\nodes\0] free: 13.1gb[12%], replicas will not be assigned to this node
[2020-05-04T20:58:16,648][INFO ][o.e.c.r.a.DiskThresholdMonitor] [master] low disk watermark [85%] exceeded on [-QSeg5cmSzKQjriJidFAfA][master][M:\es\master\data\nodes\0] free: 13.1gb[12%], replicas will not be assigned to this node
[2020-05-04T20:58:46,655][INFO ][o.e.c.r.a.DiskThresholdMonitor] [master] low disk watermark [85%] exceeded on [-QSeg5cmSzKQjriJidFAfA][master][M:\es\master\data\nodes\0] free: 13.1gb[12%], replicas will not be assigned to this node
[2020-05-04T20:59:16,662][INFO ][o.e.c.r.a.DiskThresholdMonitor] [master] low disk watermark [85%] exceeded on [-QSeg5cmSzKQjriJidFAfA][master][M:\es\master\data\nodes\0] free: 13.1gb[12%], replicas will not be assigned to this node
[2020-05-04T20:59:46,668][INFO ][o.e.c.r.a.DiskThresholdMonitor] [master] low disk watermark [85%] exceeded on [-QSeg5cmSzKQjriJidFAfA][master][M:\es\master\data\nodes\0] free: 13.1gb[12%], replicas will not be assigned to this node
[2020-05-04T21:00:16,675][INFO ][o.e.c.r.a.DiskThresholdMonitor] [master] low disk watermark [85%] exceeded on [-QSeg5cmSzKQjriJidFAfA][master][M:\es\master\data\nodes\0] free: 13.1gb[12%], replicas will not be assigned to this node
[2020-05-04T21:00:46,682][INFO ][o.e.c.r.a.DiskThresholdMonitor] [master] low disk watermark [85%] exceeded on [-QSeg5cmSzKQjriJidFAfA][master][M:\es\master\data\nodes\0] free: 13.1gb[12%], replicas will not be assigned to this node
[2020-05-04T21:01:16,689][INFO ][o.e.c.r.a.DiskThresholdMonitor] [master] low disk watermark [85%] exceeded on [-QSeg5cmSzKQjriJidFAfA][master][M:\es\master\data\nodes\0] free: 13.1gb[12%], replicas will not be assigned to this node
[2020-05-04T21:01:46,695][INFO ][o.e.c.r.a.DiskThresholdMonitor] [master] low disk watermark [85%] exceeded on [-QSeg5cmSzKQjriJidFAfA][master][M:\es\master\data\nodes\0] free: 13.1gb[12%], replicas will not be assigned to this node
[2020-05-04T21:02:16,702][INFO ][o.e.c.r.a.DiskThresholdMonitor] [master] low disk watermark [85%] exceeded on [-QSeg5cmSzKQjriJidFAfA][master][M:\es\master\data\nodes\0] free: 13.1gb[12%], replicas will not be assigned to this node
[2020-05-04T21:02:46,709][INFO ][o.e.c.r.a.DiskThresholdMonitor] [master] low disk watermark [85%] exceeded on [-QSeg5cmSzKQjriJidFAfA][master][M:\es\master\data\nodes\0] free: 13.1gb[12%], replicas will not be assigned to this node
[2020-05-04T21:03:16,716][INFO ][o.e.c.r.a.DiskThresholdMonitor] [master] low disk watermark [85%] exceeded on [-QSeg5cmSzKQjriJidFAfA][master][M:\es\master\data\nodes\0] free: 13.1gb[12%], replicas will not be assigned to this node
[2020-05-04T21:03:46,724][INFO ][o.e.c.r.a.DiskThresholdMonitor] [master] low disk watermark [85%] exceeded on [-QSeg5cmSzKQjriJidFAfA][master][M:\es\master\data\nodes\0] free: 13.1gb[12%], replicas will not be assigned to this node
[2020-05-04T21:04:16,732][INFO ][o.e.c.r.a.DiskThresholdMonitor] [master] low disk watermark [85%] exceeded on [-QSeg5cmSzKQjriJidFAfA][master][M:\es\master\data\nodes\0] free: 13.1gb[12%], replicas will not be assigned to this node
[2020-05-04T21:04:46,739][INFO ][o.e.c.r.a.DiskThresholdMonitor] [master] low disk watermark [85%] exceeded on [-QSeg5cmSzKQjriJidFAfA][master][M:\es\master\data\nodes\0] free: 13.1gb[12%], replicas will not be assigned to this node
[2020-05-04T21:05:16,745][INFO ][o.e.c.r.a.DiskThresholdMonitor] [master] low disk watermark [85%] exceeded on [-QSeg5cmSzKQjriJidFAfA][master][M:\es\master\data\nodes\0] free: 13.1gb[12%], replicas will not be assigned to this node
[2020-05-04T21:05:46,753][INFO ][o.e.c.r.a.DiskThresholdMonitor] [master] low disk watermark [85%] exceeded on [-QSeg5cmSzKQjriJidFAfA][master][M:\es\master\data\nodes\0] free: 13.1gb[12%], replicas will not be assigned to this node
[2020-05-04T21:06:16,763][INFO ][o.e.c.r.a.DiskThresholdMonitor] [master] low disk watermark [85%] exceeded on [-QSeg5cmSzKQjriJidFAfA][master][M:\es\master\data\nodes\0] free: 13.1gb[12%], replicas will not be assigned to this node
[2020-05-04T21:06:46,770][INFO ][o.e.c.r.a.DiskThresholdMonitor] [master] low disk watermark [85%] exceeded on [-QSeg5cmSzKQjriJidFAfA][master][M:\es\master\data\nodes\0] free: 13.1gb[12%], replicas will not be assigned to this node
[2020-05-04T21:07:16,776][INFO ][o.e.c.r.a.DiskThresholdMonitor] [master] low disk watermark [85%] exceeded on [-QSeg5cmSzKQjriJidFAfA][master][M:\es\master\data\nodes\0] free: 13.1gb[12%], replicas will not be assigned to this node
[2020-05-04T21:07:46,783][INFO ][o.e.c.r.a.DiskThresholdMonitor] [master] low disk watermark [85%] exceeded on [-QSeg5cmSzKQjriJidFAfA][master][M:\es\master\data\nodes\0] free: 13.1gb[12%], replicas will not be assigned to this node
[2020-05-04T21:08:16,792][INFO ][o.e.c.r.a.DiskThresholdMonitor] [master] low disk watermark [85%] exceeded on [-QSeg5cmSzKQjriJidFAfA][master][M:\es\master\data\nodes\0] free: 13.1gb[12%], replicas will not be assigned to this node
[2020-05-04T21:08:46,799][INFO ][o.e.c.r.a.DiskThresholdMonitor] [master] low disk watermark [85%] exceeded on [-QSeg5cmSzKQjriJidFAfA][master][M:\es\master\data\nodes\0] free: 13.1gb[12%], replicas will not be assigned to this node
[2020-05-04T21:09:16,806][INFO ][o.e.c.r.a.DiskThresholdMonitor] [master] low disk watermark [85%] exceeded on [-QSeg5cmSzKQjriJidFAfA][master][M:\es\master\data\nodes\0] free: 13.1gb[12%], replicas will not be assigned to this node
[2020-05-04T21:09:46,814][INFO ][o.e.c.r.a.DiskThresholdMonitor] [master] low disk watermark [85%] exceeded on [-QSeg5cmSzKQjriJidFAfA][master][M:\es\master\data\nodes\0] free: 13.1gb[12%], replicas will not be assigned to this node
[2020-05-04T21:10:16,821][INFO ][o.e.c.r.a.DiskThresholdMonitor] [master] low disk watermark [85%] exceeded on [-QSeg5cmSzKQjriJidFAfA][master][M:\es\master\data\nodes\0] free: 13.1gb[12%], replicas will not be assigned to this node
[2020-05-04T21:10:46,827][INFO ][o.e.c.r.a.DiskThresholdMonitor] [master] low disk watermark [85%] exceeded on [-QSeg5cmSzKQjriJidFAfA][master][M:\es\master\data\nodes\0] free: 13.1gb[12%], replicas will not be assigned to this node
[2020-05-04T21:11:16,835][INFO ][o.e.c.r.a.DiskThresholdMonitor] [master] low disk watermark [85%] exceeded on [-QSeg5cmSzKQjriJidFAfA][master][M:\es\master\data\nodes\0] free: 13.1gb[12%], replicas will not be assigned to this node
[2020-05-04T21:11:46,842][INFO ][o.e.c.r.a.DiskThresholdMonitor] [master] low disk watermark [85%] exceeded on [-QSeg5cmSzKQjriJidFAfA][master][M:\es\master\data\nodes\0] free: 13.1gb[12%], replicas will not be assigned to this node
[2020-05-04T21:12:16,850][INFO ][o.e.c.r.a.DiskThresholdMonitor] [master] low disk watermark [85%] exceeded on [-QSeg5cmSzKQjriJidFAfA][master][M:\es\master\data\nodes\0] free: 13.1gb[12%], replicas will not be assigned to this node
[2020-05-04T21:12:46,856][INFO ][o.e.c.r.a.DiskThresholdMonitor] [master] low disk watermark [85%] exceeded on [-QSeg5cmSzKQjriJidFAfA][master][M:\es\master\data\nodes\0] free: 13.1gb[12%], replicas will not be assigned to this node
[2020-05-04T21:13:16,863][INFO ][o.e.c.r.a.DiskThresholdMonitor] [master] low disk watermark [85%] exceeded on [-QSeg5cmSzKQjriJidFAfA][master][M:\es\master\data\nodes\0] free: 13.1gb[12%], replicas will not be assigned to this node
[2020-05-04T21:13:46,871][INFO ][o.e.c.r.a.DiskThresholdMonitor] [master] low disk watermark [85%] exceeded on [-QSeg5cmSzKQjriJidFAfA][master][M:\es\master\data\nodes\0] free: 13.1gb[12%], replicas will not be assigned to this node
[2020-05-04T21:14:16,878][INFO ][o.e.c.r.a.DiskThresholdMonitor] [master] low disk watermark [85%] exceeded on [-QSeg5cmSzKQjriJidFAfA][master][M:\es\master\data\nodes\0] free: 13.1gb[12%], replicas will not be assigned to this node
[2020-05-04T21:14:46,884][INFO ][o.e.c.r.a.DiskThresholdMonitor] [master] low disk watermark [85%] exceeded on [-QSeg5cmSzKQjriJidFAfA][master][M:\es\master\data\nodes\0] free: 13.1gb[12%], replicas will not be assigned to this node
[2020-05-04T21:15:16,893][INFO ][o.e.c.r.a.DiskThresholdMonitor] [master] low disk watermark [85%] exceeded on [-QSeg5cmSzKQjriJidFAfA][master][M:\es\master\data\nodes\0] free: 13.1gb[12%], replicas will not be assigned to this node
[2020-05-04T21:15:46,900][INFO ][o.e.c.r.a.DiskThresholdMonitor] [master] low disk watermark [85%] exceeded on [-QSeg5cmSzKQjriJidFAfA][master][M:\es\master\data\nodes\0] free: 13.1gb[12%], replicas will not be assigned to this node
[2020-05-04T21:16:16,907][INFO ][o.e.c.r.a.DiskThresholdMonitor] [master] low disk watermark [85%] exceeded on [-QSeg5cmSzKQjriJidFAfA][master][M:\es\master\data\nodes\0] free: 13.1gb[12%], replicas will not be assigned to this node
[2020-05-04T21:16:46,915][INFO ][o.e.c.r.a.DiskThresholdMonitor] [master] low disk watermark [85%] exceeded on [-QSeg5cmSzKQjriJidFAfA][master][M:\es\master\data\nodes\0] free: 13.1gb[12%], replicas will not be assigned to this node
[2020-05-04T21:17:16,923][INFO ][o.e.c.r.a.DiskThresholdMonitor] [master] low disk watermark [85%] exceeded on [-QSeg5cmSzKQjriJidFAfA][master][M:\es\master\data\nodes\0] free: 13.1gb[12%], replicas will not be assigned to this node
[2020-05-04T21:17:46,930][INFO ][o.e.c.r.a.DiskThresholdMonitor] [master] low disk watermark [85%] exceeded on [-QSeg5cmSzKQjriJidFAfA][master][M:\es\master\data\nodes\0] free: 13.1gb[12%], replicas will not be assigned to this node
[2020-05-04T21:18:16,937][INFO ][o.e.c.r.a.DiskThresholdMonitor] [master] low disk watermark [85%] exceeded on [-QSeg5cmSzKQjriJidFAfA][master][M:\es\master\data\nodes\0] free: 13.1gb[12%], replicas will not be assigned to this node
[2020-05-04T21:18:46,944][INFO ][o.e.c.r.a.DiskThresholdMonitor] [master] low disk watermark [85%] exceeded on [-QSeg5cmSzKQjriJidFAfA][master][M:\es\master\data\nodes\0] free: 13.1gb[12%], replicas will not be assigned to this node
[2020-05-04T21:19:16,951][INFO ][o.e.c.r.a.DiskThresholdMonitor] [master] low disk watermark [85%] exceeded on [-QSeg5cmSzKQjriJidFAfA][master][M:\es\master\data\nodes\0] free: 13.1gb[12%], replicas will not be assigned to this node
[2020-05-04T21:19:46,958][INFO ][o.e.c.r.a.DiskThresholdMonitor] [master] low disk watermark [85%] exceeded on [-QSeg5cmSzKQjriJidFAfA][master][M:\es\master\data\nodes\0] free: 13.1gb[12%], replicas will not be assigned to this node
[2020-05-04T21:20:16,967][INFO ][o.e.c.r.a.DiskThresholdMonitor] [master] low disk watermark [85%] exceeded on [-QSeg5cmSzKQjriJidFAfA][master][M:\es\master\data\nodes\0] free: 13.1gb[12%], replicas will not be assigned to this node
[2020-05-04T21:20:46,974][INFO ][o.e.c.r.a.DiskThresholdMonitor] [master] low disk watermark [85%] exceeded on [-QSeg5cmSzKQjriJidFAfA][master][M:\es\master\data\nodes\0] free: 13.1gb[12%], replicas will not be assigned to this node
[2020-05-04T21:21:16,981][INFO ][o.e.c.r.a.DiskThresholdMonitor] [master] low disk watermark [85%] exceeded on [-QSeg5cmSzKQjriJidFAfA][master][M:\es\master\data\nodes\0] free: 13.1gb[12%], replicas will not be assigned to this node
[2020-05-04T21:21:46,990][INFO ][o.e.c.r.a.DiskThresholdMonitor] [master] low disk watermark [85%] exceeded on [-QSeg5cmSzKQjriJidFAfA][master][M:\es\master\data\nodes\0] free: 13.1gb[12%], replicas will not be assigned to this node
[2020-05-04T21:22:16,997][INFO ][o.e.c.r.a.DiskThresholdMonitor] [master] low disk watermark [85%] exceeded on [-QSeg5cmSzKQjriJidFAfA][master][M:\es\master\data\nodes\0] free: 13.1gb[12%], replicas will not be assigned to this node
[2020-05-04T21:22:47,004][INFO ][o.e.c.r.a.DiskThresholdMonitor] [master] low disk watermark [85%] exceeded on [-QSeg5cmSzKQjriJidFAfA][master][M:\es\master\data\nodes\0] free: 13.1gb[12%], replicas will not be assigned to this node
[2020-05-04T21:23:17,011][INFO ][o.e.c.r.a.DiskThresholdMonitor] [master] low disk watermark [85%] exceeded on [-QSeg5cmSzKQjriJidFAfA][master][M:\es\master\data\nodes\0] free: 13.1gb[12%], replicas will not be assigned to this node
[2020-05-04T21:23:47,018][INFO ][o.e.c.r.a.DiskThresholdMonitor] [master] low disk watermark [85%] exceeded on [-QSeg5cmSzKQjriJidFAfA][master][M:\es\master\data\nodes\0] free: 13.1gb[12%], replicas will not be assigned to this node
